This file contains any messages produced by compilers while
running configure, to aid debugging if configure makes a mistake.

It was created by meadow-projects configure 0.1, which was
generated by GNU Autoconf 2.68.  Invocation command line was

  $ ./configure --no-create --no-recursion

## --------- ##
## Platform. ##
## --------- ##

hostname = erdos
uname -m = i686
uname -r = 3.11.0-26-generic
uname -s = Linux
uname -v = #45~precise1-Ubuntu SMP Tue Jul 15 04:04:35 UTC 2014

/usr/bin/uname -p = unknown
/bin/uname -X     = unknown

/bin/arch              = unknown
/usr/bin/arch -k       = unknown
/usr/convex/getsysinfo = unknown
/usr/bin/hostinfo      = unknown
/bin/machine           = unknown
/usr/bin/oslevel       = unknown
/bin/universe          = unknown

PATH: /home/cjeong/perl5/bin
PATH: /usr/local/cuda/bin
PATH: /opt/arduino/arduino-1.0
PATH: /home/cjeong/work/knot/llvm-2.9/Debug+Asserts/bin
PATH: /home/cjeong/work/knot/llvm-gcc/llvm-gcc-4.2-2.9-i686-linux/bin
PATH: /opt/apache/pig-0.9.1/bin
PATH: /opt/apache/apache-tomcat-7.0.37/bin
PATH: /opt/apache/hadoop-1.0.2/bin
PATH: /opt/eclipse
PATH: /usr/share/maven/bin
PATH: /opt/scala/scala-2.10.3/bin
PATH: /opt/glassfish3/jdk7/bin
PATH: /home/cjeong/work/mv/src/build/bin
PATH: .
PATH: /usr/kerberos/bin
PATH: /usr/local/bin
PATH: /bin
PATH: /usr/bin
PATH: /usr/bin/X11
PATH: /sbin
PATH: /usr/X11R6/bin
PATH: /usr/sbin
PATH: /usr/local/sbin
PATH: /home/cjeong/bin


## ----------- ##
## Core tests. ##
## ----------- ##

configure:2090: checking for a BSD-compatible install
configure:2158: result: /usr/bin/install -c
configure:2169: checking whether build environment is sane
configure:2219: result: yes
configure:2360: checking for a thread-safe mkdir -p
configure:2399: result: /bin/mkdir -p
configure:2412: checking for gawk
configure:2428: found /usr/bin/gawk
configure:2439: result: gawk
configure:2450: checking whether make sets $(MAKE)
configure:2472: result: yes
configure:2605: checking for gcc
configure:2621: found /usr/bin/gcc
configure:2632: result: gcc
configure:2861: checking for C compiler version
configure:2870: gcc --version >&5
gcc (Ubuntu/Linaro 4.6.3-1ubuntu5) 4.6.3
Copyright (C) 2011 Free Software Foundation, Inc.
This is free software; see the source for copying conditions.  There is NO
warranty; not even for MERCHANTABILITY or FITNESS FOR A PARTICULAR PURPOSE.

configure:2881: $? = 0
configure:2870: gcc -v >&5
Using built-in specs.
COLLECT_GCC=gcc
COLLECT_LTO_WRAPPER=/usr/lib/gcc/i686-linux-gnu/4.6/lto-wrapper
Target: i686-linux-gnu
Configured with: ../src/configure -v --with-pkgversion='Ubuntu/Linaro 4.6.3-1ubuntu5' --with-bugurl=file:///usr/share/doc/gcc-4.6/README.Bugs --enable-languages=c,c++,fortran,objc,obj-c++ --prefix=/usr --program-suffix=-4.6 --enable-shared --enable-linker-build-id --with-system-zlib --libexecdir=/usr/lib --without-included-gettext --enable-threads=posix --with-gxx-include-dir=/usr/include/c++/4.6 --libdir=/usr/lib --enable-nls --with-sysroot=/ --enable-clocale=gnu --enable-libstdcxx-debug --enable-libstdcxx-time=yes --enable-gnu-unique-object --enable-plugin --enable-objc-gc --enable-targets=all --disable-werror --with-arch-32=i686 --with-tune=generic --enable-checking=release --build=i686-linux-gnu --host=i686-linux-gnu --target=i686-linux-gnu
Thread model: posix
gcc version 4.6.3 (Ubuntu/Linaro 4.6.3-1ubuntu5) 
configure:2881: $? = 0
configure:2870: gcc -V >&5
gcc: error: unrecognized option '-V'
gcc: fatal error: no input files
compilation terminated.
configure:2881: $? = 4
configure:2870: gcc -qversion >&5
gcc: error: unrecognized option '-qversion'
gcc: fatal error: no input files
compilation terminated.
configure:2881: $? = 4
configure:2901: checking whether the C compiler works
configure:2923: gcc    conftest.c  >&5
configure:2927: $? = 0
configure:2975: result: yes
configure:2978: checking for C compiler default output file name
configure:2980: result: a.out
configure:2986: checking for suffix of executables
configure:2993: gcc -o conftest    conftest.c  >&5
configure:2997: $? = 0
configure:3019: result: 
configure:3041: checking whether we are cross compiling
configure:3049: gcc -o conftest    conftest.c  >&5
configure:3053: $? = 0
configure:3060: ./conftest
configure:3064: $? = 0
configure:3079: result: no
configure:3084: checking for suffix of object files
configure:3106: gcc -c   conftest.c >&5
configure:3110: $? = 0
configure:3131: result: o
configure:3135: checking whether we are using the GNU C compiler
configure:3154: gcc -c   conftest.c >&5
configure:3154: $? = 0
configure:3163: result: yes
configure:3172: checking whether gcc accepts -g
configure:3192: gcc -c -g  conftest.c >&5
configure:3192: $? = 0
configure:3233: result: yes
configure:3250: checking for gcc option to accept ISO C89
configure:3314: gcc  -c -g  conftest.c >&5
configure:3314: $? = 0
configure:3327: result: none needed
configure:3358: checking for style of include used by make
configure:3386: result: GNU
configure:3412: checking dependency style of gcc
configure:3523: result: gcc3
configure:3596: checking for g++
configure:3612: found /usr/bin/g++
configure:3623: result: g++
configure:3650: checking for C++ compiler version
configure:3659: g++ --version >&5
g++ (Ubuntu/Linaro 4.6.3-1ubuntu5) 4.6.3
Copyright (C) 2011 Free Software Foundation, Inc.
This is free software; see the source for copying conditions.  There is NO
warranty; not even for MERCHANTABILITY or FITNESS FOR A PARTICULAR PURPOSE.

configure:3670: $? = 0
configure:3659: g++ -v >&5
Using built-in specs.
COLLECT_GCC=g++
COLLECT_LTO_WRAPPER=/usr/lib/gcc/i686-linux-gnu/4.6/lto-wrapper
Target: i686-linux-gnu
Configured with: ../src/configure -v --with-pkgversion='Ubuntu/Linaro 4.6.3-1ubuntu5' --with-bugurl=file:///usr/share/doc/gcc-4.6/README.Bugs --enable-languages=c,c++,fortran,objc,obj-c++ --prefix=/usr --program-suffix=-4.6 --enable-shared --enable-linker-build-id --with-system-zlib --libexecdir=/usr/lib --without-included-gettext --enable-threads=posix --with-gxx-include-dir=/usr/include/c++/4.6 --libdir=/usr/lib --enable-nls --with-sysroot=/ --enable-clocale=gnu --enable-libstdcxx-debug --enable-libstdcxx-time=yes --enable-gnu-unique-object --enable-plugin --enable-objc-gc --enable-targets=all --disable-werror --with-arch-32=i686 --with-tune=generic --enable-checking=release --build=i686-linux-gnu --host=i686-linux-gnu --target=i686-linux-gnu
Thread model: posix
gcc version 4.6.3 (Ubuntu/Linaro 4.6.3-1ubuntu5) 
configure:3670: $? = 0
configure:3659: g++ -V >&5
g++: error: unrecognized option '-V'
g++: fatal error: no input files
compilation terminated.
configure:3670: $? = 4
configure:3659: g++ -qversion >&5
g++: error: unrecognized option '-qversion'
g++: fatal error: no input files
compilation terminated.
configure:3670: $? = 4
configure:3674: checking whether we are using the GNU C++ compiler
configure:3693: g++ -c   conftest.cpp >&5
configure:3693: $? = 0
configure:3702: result: yes
configure:3711: checking whether g++ accepts -g
configure:3731: g++ -c -g  conftest.cpp >&5
configure:3731: $? = 0
configure:3772: result: yes
configure:3797: checking dependency style of g++
configure:3908: result: gcc3
configure:3967: checking for ranlib
configure:3983: found /usr/bin/ranlib
configure:3994: result: ranlib
configure:4017: checking whether gcc and cc understand -c and -o together
configure:4048: gcc -c conftest.c -o conftest2.o >&5
configure:4052: $? = 0
configure:4058: gcc -c conftest.c -o conftest2.o >&5
configure:4062: $? = 0
configure:4073: cc -c conftest.c >&5
configure:4077: $? = 0
configure:4085: cc -c conftest.c -o conftest2.o >&5
configure:4089: $? = 0
configure:4095: cc -c conftest.c -o conftest2.o >&5
configure:4099: $? = 0
configure:4117: result: yes
configure:4152: checking how to run the C preprocessor
configure:4183: gcc -E  conftest.c
configure:4183: $? = 0
configure:4197: gcc -E  conftest.c
conftest.c:11:28: fatal error: ac_nonexistent.h: No such file or directory
compilation terminated.
configure:4197: $? = 1
configure: failed program was:
| /* confdefs.h */
| #define PACKAGE_NAME "meadow-projects"
| #define PACKAGE_TARNAME "meadow-projects"
| #define PACKAGE_VERSION "0.1"
| #define PACKAGE_STRING "meadow-projects 0.1"
| #define PACKAGE_BUGREPORT ""
| #define PACKAGE_URL ""
| #define PACKAGE "meadow-projects"
| #define VERSION "0.1"
| /* end confdefs.h.  */
| #include <ac_nonexistent.h>
configure:4222: result: gcc -E
configure:4242: gcc -E  conftest.c
configure:4242: $? = 0
configure:4256: gcc -E  conftest.c
conftest.c:11:28: fatal error: ac_nonexistent.h: No such file or directory
compilation terminated.
configure:4256: $? = 1
configure: failed program was:
| /* confdefs.h */
| #define PACKAGE_NAME "meadow-projects"
| #define PACKAGE_TARNAME "meadow-projects"
| #define PACKAGE_VERSION "0.1"
| #define PACKAGE_STRING "meadow-projects 0.1"
| #define PACKAGE_BUGREPORT ""
| #define PACKAGE_URL ""
| #define PACKAGE "meadow-projects"
| #define VERSION "0.1"
| /* end confdefs.h.  */
| #include <ac_nonexistent.h>
configure:4285: checking for grep that handles long lines and -e
configure:4343: result: /bin/grep
configure:4348: checking for egrep
configure:4410: result: /bin/grep -E
configure:4415: checking for ANSI C header files
configure:4435: gcc -c -g  conftest.c >&5
configure:4435: $? = 0
configure:4508: gcc -o conftest -g   conftest.c  >&5
configure:4508: $? = 0
configure:4508: ./conftest
configure:4508: $? = 0
configure:4519: result: yes
configure:4532: checking for sys/types.h
configure:4532: gcc -c -g  conftest.c >&5
configure:4532: $? = 0
configure:4532: result: yes
configure:4532: checking for sys/stat.h
configure:4532: gcc -c -g  conftest.c >&5
configure:4532: $? = 0
configure:4532: result: yes
configure:4532: checking for stdlib.h
configure:4532: gcc -c -g  conftest.c >&5
configure:4532: $? = 0
configure:4532: result: yes
configure:4532: checking for string.h
configure:4532: gcc -c -g  conftest.c >&5
configure:4532: $? = 0
configure:4532: result: yes
configure:4532: checking for memory.h
configure:4532: gcc -c -g  conftest.c >&5
configure:4532: $? = 0
configure:4532: result: yes
configure:4532: checking for strings.h
configure:4532: gcc -c -g  conftest.c >&5
configure:4532: $? = 0
configure:4532: result: yes
configure:4532: checking for inttypes.h
configure:4532: gcc -c -g  conftest.c >&5
configure:4532: $? = 0
configure:4532: result: yes
configure:4532: checking for stdint.h
configure:4532: gcc -c -g  conftest.c >&5
configure:4532: $? = 0
configure:4532: result: yes
configure:4532: checking for unistd.h
configure:4532: gcc -c -g  conftest.c >&5
configure:4532: $? = 0
configure:4532: result: yes
configure:4546: checking for stdlib.h
configure:4546: result: yes
configure:4698: creating ./config.status

## ---------------- ##
## Cache variables. ##
## ---------------- ##

ac_cv_c_compiler_gnu=yes
ac_cv_cxx_compiler_gnu=yes
ac_cv_env_CCC_set=
ac_cv_env_CCC_value=
ac_cv_env_CC_set=
ac_cv_env_CC_value=
ac_cv_env_CFLAGS_set=
ac_cv_env_CFLAGS_value=
ac_cv_env_CPPFLAGS_set=
ac_cv_env_CPPFLAGS_value=
ac_cv_env_CPP_set=
ac_cv_env_CPP_value=
ac_cv_env_CXXFLAGS_set=
ac_cv_env_CXXFLAGS_value=
ac_cv_env_CXX_set=
ac_cv_env_CXX_value=
ac_cv_env_LDFLAGS_set=
ac_cv_env_LDFLAGS_value=
ac_cv_env_LIBS_set=
ac_cv_env_LIBS_value=
ac_cv_env_build_alias_set=
ac_cv_env_build_alias_value=
ac_cv_env_host_alias_set=
ac_cv_env_host_alias_value=
ac_cv_env_target_alias_set=
ac_cv_env_target_alias_value=
ac_cv_header_inttypes_h=yes
ac_cv_header_memory_h=yes
ac_cv_header_stdc=yes
ac_cv_header_stdint_h=yes
ac_cv_header_stdlib_h=yes
ac_cv_header_string_h=yes
ac_cv_header_strings_h=yes
ac_cv_header_sys_stat_h=yes
ac_cv_header_sys_types_h=yes
ac_cv_header_unistd_h=yes
ac_cv_objext=o
ac_cv_path_EGREP='/bin/grep -E'
ac_cv_path_GREP=/bin/grep
ac_cv_path_install='/usr/bin/install -c'
ac_cv_path_mkdir=/bin/mkdir
ac_cv_prog_AWK=gawk
ac_cv_prog_CPP='gcc -E'
ac_cv_prog_ac_ct_CC=gcc
ac_cv_prog_ac_ct_CXX=g++
ac_cv_prog_ac_ct_RANLIB=ranlib
ac_cv_prog_cc_c89=
ac_cv_prog_cc_g=yes
ac_cv_prog_cc_gcc_c_o=yes
ac_cv_prog_cxx_g=yes
ac_cv_prog_make_make_set=yes
am_cv_CC_dependencies_compiler_type=gcc3
am_cv_CXX_dependencies_compiler_type=gcc3

## ----------------- ##
## Output variables. ##
## ----------------- ##

ACLOCAL='${SHELL} /home/cjeong/work/meadow/missing --run aclocal-1.11'
AMDEPBACKSLASH='\'
AMDEP_FALSE='#'
AMDEP_TRUE=''
AMTAR='$${TAR-tar}'
AUTOCONF='${SHELL} /home/cjeong/work/meadow/missing --run autoconf'
AUTOHEADER='${SHELL} /home/cjeong/work/meadow/missing --run autoheader'
AUTOMAKE='${SHELL} /home/cjeong/work/meadow/missing --run automake-1.11'
AWK='gawk'
CC='gcc'
CCDEPMODE='depmode=gcc3'
CFLAGS='-g'
CPP='gcc -E'
CPPFLAGS=''
CXX='g++'
CXXDEPMODE='depmode=gcc3'
CXXFLAGS='-g -O2'
CYGPATH_W='echo'
DEFS='-DHAVE_CONFIG_H'
DEPDIR='.deps'
ECHO_C=''
ECHO_N='-n'
ECHO_T=''
EGREP='/bin/grep -E'
EXEEXT=''
GREP='/bin/grep'
INSTALL_DATA='${INSTALL} -m 644'
INSTALL_PROGRAM='${INSTALL}'
INSTALL_SCRIPT='${INSTALL}'
INSTALL_STRIP_PROGRAM='$(install_sh) -c -s'
LDFLAGS=''
LIBOBJS=''
LIBS=''
LTLIBOBJS=''
MAKEINFO='${SHELL} /home/cjeong/work/meadow/missing --run makeinfo'
MKDIR_P='/bin/mkdir -p'
OBJEXT='o'
PACKAGE='meadow-projects'
PACKAGE_BUGREPORT=''
PACKAGE_NAME='meadow-projects'
PACKAGE_STRING='meadow-projects 0.1'
PACKAGE_TARNAME='meadow-projects'
PACKAGE_URL=''
PACKAGE_VERSION='0.1'
PATH_SEPARATOR=':'
RANLIB='ranlib'
SET_MAKE=''
SHELL='/bin/bash'
STRIP=''
VERSION='0.1'
ac_ct_CC='gcc'
ac_ct_CXX='g++'
am__EXEEXT_FALSE=''
am__EXEEXT_TRUE='#'
am__fastdepCC_FALSE='#'
am__fastdepCC_TRUE=''
am__fastdepCXX_FALSE='#'
am__fastdepCXX_TRUE=''
am__include='include'
am__isrc=''
am__leading_dot='.'
am__nodep='_no'
am__quote=''
am__tar='$${TAR-tar} chof - "$$tardir"'
am__untar='$${TAR-tar} xf -'
bindir='${exec_prefix}/bin'
build_alias=''
datadir='${datarootdir}'
datarootdir='${prefix}/share'
docdir='${datarootdir}/doc/${PACKAGE_TARNAME}'
dvidir='${docdir}'
exec_prefix='${prefix}'
host_alias=''
htmldir='${docdir}'
includedir='${prefix}/include'
infodir='${datarootdir}/info'
install_sh='${SHELL} /home/cjeong/work/meadow/install-sh'
libdir='${exec_prefix}/lib'
libexecdir='${exec_prefix}/libexec'
localedir='${datarootdir}/locale'
localstatedir='${prefix}/var'
mandir='${datarootdir}/man'
mkdir_p='/bin/mkdir -p'
oldincludedir='/usr/include'
pdfdir='${docdir}'
prefix='/usr/local'
program_transform_name='s,x,x,'
psdir='${docdir}'
sbindir='${exec_prefix}/sbin'
sharedstatedir='${prefix}/com'
sysconfdir='${prefix}/etc'
target_alias=''

## ----------- ##
## confdefs.h. ##
## ----------- ##

/* confdefs.h */
#define PACKAGE_NAME "meadow-projects"
#define PACKAGE_TARNAME "meadow-projects"
#define PACKAGE_VERSION "0.1"
#define PACKAGE_STRING "meadow-projects 0.1"
#define PACKAGE_BUGREPORT ""
#define PACKAGE_URL ""
#define PACKAGE "meadow-projects"
#define VERSION "0.1"
#define STDC_HEADERS 1
#define HAVE_SYS_TYPES_H 1
#define HAVE_SYS_STAT_H 1
#define HAVE_STDLIB_H 1
#define HAVE_STRING_H 1
#define HAVE_MEMORY_H 1
#define HAVE_STRINGS_H 1
#define HAVE_INTTYPES_H 1
#define HAVE_STDINT_H 1
#define HAVE_UNISTD_H 1
#define HAVE_STDLIB_H 1

configure: exit 0

## ---------------------- ##
## Running config.status. ##
## ---------------------- ##

This file was extended by meadow-projects config.status 0.1, which was
generated by GNU Autoconf 2.68.  Invocation command line was

  CONFIG_FILES    = 
  CONFIG_HEADERS  = 
  CONFIG_LINKS    = 
  CONFIG_COMMANDS = 
  $ ./config.status 

on erdos

config.status:874: creating Makefile
config.status:874: creating libmv/Makefile
config.status:874: creating libmq/Makefile
config.status:874: creating libsup/Makefile
config.status:874: creating mvrt/Makefile
config.status:874: creating server/Makefile
config.status:874: creating test/Makefile
config.status:874: creating config.h
config.status:1055: config.h is unchanged
config.status:1103: executing depfiles commands

## ---------------------- ##
## Running config.status. ##
## ---------------------- ##

This file was extended by meadow-projects config.status 0.1, which was
generated by GNU Autoconf 2.68.  Invocation command line was

  CONFIG_FILES    = 
  CONFIG_HEADERS  = 
  CONFIG_LINKS    = 
  CONFIG_COMMANDS = 
  $ ./config.status mvrt/Makefile depfiles

on erdos

config.status:874: creating mvrt/Makefile
config.status:1103: executing depfiles commands

## ---------------------- ##
## Running config.status. ##
## ---------------------- ##

This file was extended by meadow-projects config.status 0.1, which was
generated by GNU Autoconf 2.68.  Invocation command line was

  CONFIG_FILES    = 
  CONFIG_HEADERS  = 
  CONFIG_LINKS    = 
  CONFIG_COMMANDS = 
  $ ./config.status mvrt/Makefile depfiles

on erdos

config.status:874: creating mvrt/Makefile
config.status:1103: executing depfiles commands
